<?xml version="1.0" encoding="UTF-8"?>
<!-- Generated by org.testng.reporters.JUnitReportReporter -->
<testsuite hostname="DESKTOP-MUB7270" failures="0" tests="1" name="CapstoneProject.CapstoneProject.AppTest" time="0.007" errors="0" timestamp="19 Jun 2023 07:18:03 GMT" skipped="0">
  <testcase classname="CapstoneProject.CapstoneProject.AppTest" name="testApp" time="0.007"/>
</testsuite> <!-- CapstoneProject.CapstoneProject.AppTest -->
